# JRE version: OpenJDK Runtime Environment Temurin-17.0.6+10 (17.0.6+10) (build 17.0.6+10)
# Java VM: OpenJDK 64-Bit Server VM Temurin-17.0.6+10 (17.0.6+10, mixed mode, emulated-client, tiered, compressed oops, compressed class ptrs, g1 gc, windows-amd64)
GC Precious Log:
 CPUs: 8 total, 8 available
 Memory: 7886M
 Large Page Support: Disabled
 NUMA Support: Disabled
 Compressed Oops: Enabled (32-bit)
 Heap Region Size: 1M
 Heap Min Capacity: 8M
 Heap Initial Capacity: 124M
 Heap Max Capacity: 1G
 Pre-touch: Disabled
 Parallel Workers: 8
 Concurrent Workers: 2
 Concurrent Refinement Workers: 8
 Periodic GC: Disabled
Heap:
 garbage-first heap   total 301056K, used 100481K [0x00000000c0000000, 0x0000000100000000)
  region size 1024K, 14 young (14336K), 14 survivors (14336K)
 Metaspace       used 35724K, committed 36160K, reserved 1081344K
  class space    used 4642K, committed 4864K, reserved 1048576K
GC Heap History (20 events):
Event: 2.400 GC heap after
{Heap after GC invocations=15 (full 0):
 garbage-first heap   total 134144K, used 64512K [0x00000000c0000000, 0x0000000100000000)
  region size 1024K, 7 young (7168K), 7 survivors (7168K)
 Metaspace       used 35629K, committed 36032K, reserved 1081344K
  class space    used 4628K, committed 4800K, reserved 1048576K
}
Event: 2.413 GC heap before
{Heap before GC invocations=15 (full 0):
 garbage-first heap   total 134144K, used 95232K [0x00000000c0000000, 0x0000000100000000)
  region size 1024K, 38 young (38912K), 7 survivors (7168K)
 Metaspace       used 35639K, committed 36032K, reserved 1081344K
  class space    used 4628K, committed 4800K, reserved 1048576K
}
Event: 2.416 GC heap after
{Heap after GC invocations=16 (full 0):
 garbage-first heap   total 134144K, used 67520K [0x00000000c0000000, 0x0000000100000000)
  region size 1024K, 3 young (3072K), 3 survivors (3072K)
 Metaspace       used 35639K, committed 36032K, reserved 1081344K
  class space    used 4628K, committed 4800K, reserved 1048576K
}
Event: 2.425 GC heap before
{Heap before GC invocations=16 (full 0):
 garbage-first heap   total 134144K, used 98240K [0x00000000c0000000, 0x0000000100000000)
  region size 1024K, 34 young (34816K), 3 survivors (3072K)
 Metaspace       used 35652K, committed 36096K, reserved 1081344K
  class space    used 4636K, committed 4864K, reserved 1048576K
}
Event: 2.426 GC heap after
{Heap after GC invocations=17 (full 0):
 garbage-first heap   total 134144K, used 68213K [0x00000000c0000000, 0x0000000100000000)
  region size 1024K, 3 young (3072K), 3 survivors (3072K)
 Metaspace       used 35652K, committed 36096K, reserved 1081344K
  class space    used 4636K, committed 4864K, reserved 1048576K
}
Event: 2.438 GC heap before
{Heap before GC invocations=17 (full 0):
 garbage-first heap   total 134144K, used 100981K [0x00000000c0000000, 0x0000000100000000)
  region size 1024K, 36 young (36864K), 3 survivors (3072K)
 Metaspace       used 35652K, committed 36096K, reserved 1081344K
  class space    used 4636K, committed 4864K, reserved 1048576K
}
Event: 2.439 GC heap after
{Heap after GC invocations=18 (full 0):
 garbage-first heap   total 134144K, used 69827K [0x00000000c0000000, 0x0000000100000000)
  region size 1024K, 3 young (3072K), 3 survivors (3072K)
 Metaspace       used 35652K, committed 36096K, reserved 1081344K
  class space    used 4636K, committed 4864K, reserved 1048576K
}
Event: 2.451 GC heap before
{Heap before GC invocations=18 (full 0):
 garbage-first heap   total 134144K, used 103619K [0x00000000c0000000, 0x0000000100000000)
  region size 1024K, 37 young (37888K), 3 survivors (3072K)
 Metaspace       used 35652K, committed 36096K, reserved 1081344K
  class space    used 4636K, committed 4864K, reserved 1048576K
}
Event: 2.453 GC heap after
{Heap after GC invocations=19 (full 0):
 garbage-first heap   total 276480K, used 71346K [0x00000000c0000000, 0x0000000100000000)
  region size 1024K, 3 young (3072K), 3 survivors (3072K)
 Metaspace       used 35652K, committed 36096K, reserved 1081344K
  class space    used 4636K, committed 4864K, reserved 1048576K
}
Event: 2.500 GC heap before
{Heap before GC invocations=19 (full 0):
 garbage-first heap   total 301056K, used 186034K [0x00000000c0000000, 0x0000000100000000)
  region size 1024K, 117 young (119808K), 3 survivors (3072K)
 Metaspace       used 35724K, committed 36160K, reserved 1081344K
  class space    used 4642K, committed 4864K, reserved 1048576K
}
Event: 2.504 GC heap after
{Heap after GC invocations=20 (full 0):
 garbage-first heap   total 301056K, used 75579K [0x00000000c0000000, 0x0000000100000000)
  region size 1024K, 9 young (9216K), 9 survivors (9216K)
 Metaspace       used 35724K, committed 36160K, reserved 1081344K
  class space    used 4642K, committed 4864K, reserved 1048576K
}
Event: 2.553 GC heap before
{Heap before GC invocations=21 (full 0):
 garbage-first heap   total 301056K, used 232251K [0x00000000c0000000, 0x0000000100000000)
  region size 1024K, 163 young (166912K), 9 survivors (9216K)
 Metaspace       used 35724K, committed 36160K, reserved 1081344K
  class space    used 4642K, committed 4864K, reserved 1048576K
}
Event: 2.558 GC heap after
{Heap after GC invocations=22 (full 0):
 garbage-first heap   total 301056K, used 82324K [0x00000000c0000000, 0x0000000100000000)
  region size 1024K, 15 young (15360K), 15 survivors (15360K)
 Metaspace       used 35724K, committed 36160K, reserved 1081344K
  class space    used 4642K, committed 4864K, reserved 1048576K
}
Event: 2.559 GC heap before
{Heap before GC invocations=22 (full 0):
 garbage-first heap   total 301056K, used 85396K [0x00000000c0000000, 0x0000000100000000)
  region size 1024K, 19 young (19456K), 15 survivors (15360K)
 Metaspace       used 35724K, committed 36160K, reserved 1081344K
  class space    used 4642K, committed 4864K, reserved 1048576K
}
Event: 2.564 GC heap after
{Heap after GC invocations=23 (full 0):
 garbage-first heap   total 301056K, used 82281K [0x00000000c0000000, 0x0000000100000000)
  region size 1024K, 2 young (2048K), 2 survivors (2048K)
 Metaspace       used 35724K, committed 36160K, reserved 1081344K
  class space    used 4642K, committed 4864K, reserved 1048576K
}
Event: 2.590 GC heap before
{Heap before GC invocations=23 (full 0):
 garbage-first heap   total 301056K, used 237929K [0x00000000c0000000, 0x0000000100000000)
  region size 1024K, 155 young (158720K), 2 survivors (2048K)
 Metaspace       used 35724K, committed 36160K, reserved 1081344K
  class space    used 4642K, committed 4864K, reserved 1048576K
}
Event: 2.593 GC heap after
{Heap after GC invocations=24 (full 0):
 garbage-first heap   total 301056K, used 86908K [0x00000000c0000000, 0x0000000100000000)
  region size 1024K, 7 young (7168K), 7 survivors (7168K)
 Metaspace       used 35724K, committed 36160K, reserved 1081344K
  class space    used 4642K, committed 4864K, reserved 1048576K
}
Event: 2.634 GC heap before
{Heap before GC invocations=24 (full 0):
 garbage-first heap   total 301056K, used 241532K [0x00000000c0000000, 0x0000000100000000)
  region size 1024K, 159 young (162816K), 7 survivors (7168K)
 Metaspace       used 35724K, committed 36160K, reserved 1081344K
  class space    used 4642K, committed 4864K, reserved 1048576K
}
Event: 2.638 GC heap after
{Heap after GC invocations=25 (full 0):
 garbage-first heap   total 301056K, used 93545K [0x00000000c0000000, 0x0000000100000000)
  region size 1024K, 13 young (13312K), 13 survivors (13312K)
 Metaspace       used 35724K, committed 36160K, reserved 1081344K
  class space    used 4642K, committed 4864K, reserved 1048576K
}
Event: 2.670 GC heap before
{Heap before GC invocations=25 (full 0):
 garbage-first heap   total 301056K, used 246121K [0x00000000c0000000, 0x0000000100000000)
  region size 1024K, 163 young (166912K), 13 survivors (13312K)
 Metaspace       used 35724K, committed 36160K, reserved 1081344K
  class space    used 4642K, committed 4864K, reserved 1048576K
}

