# JRE version: OpenJDK Runtime Environment Temurin-17.0.6+10 (17.0.6+10) (build 17.0.6+10)
# Java VM: OpenJDK 64-Bit Server VM Temurin-17.0.6+10 (17.0.6+10, mixed mode, emulated-client, tiered, compressed oops, compressed class ptrs, g1 gc, windows-amd64)
GC Precious Log:
 CPUs: 8 total, 8 available
 Memory: 7886M
 Large Page Support: Disabled
 NUMA Support: Disabled
 Compressed Oops: Enabled (32-bit)
 Heap Region Size: 1M
 Heap Min Capacity: 8M
 Heap Initial Capacity: 124M
 Heap Max Capacity: 1G
 Pre-touch: Disabled
 Parallel Workers: 8
 Concurrent Workers: 2
 Concurrent Refinement Workers: 8
 Periodic GC: Disabled
Heap:
 garbage-first heap   total 126976K, used 66682K [0x00000000c0000000, 0x0000000100000000)
  region size 1024K, 2 young (2048K), 2 survivors (2048K)
 Metaspace       used 35319K, committed 35712K, reserved 1081344K
  class space    used 4580K, committed 4800K, reserved 1048576K
GC Heap History (20 events):
Event: 1.455 GC heap after
{Heap after GC invocations=8 (full 0):
 garbage-first heap   total 58368K, used 18790K [0x00000000c0000000, 0x0000000100000000)
  region size 1024K, 2 young (2048K), 2 survivors (2048K)
 Metaspace       used 33898K, committed 34240K, reserved 1081344K
  class space    used 4390K, committed 4544K, reserved 1048576K
}
Event: 1.566 GC heap before
{Heap before GC invocations=8 (full 0):
 garbage-first heap   total 58368K, used 41318K [0x00000000c0000000, 0x0000000100000000)
  region size 1024K, 25 young (25600K), 2 survivors (2048K)
 Metaspace       used 35145K, committed 35456K, reserved 1081344K
  class space    used 4550K, committed 4672K, reserved 1048576K
}
Event: 1.569 GC heap after
{Heap after GC invocations=9 (full 0):
 garbage-first heap   total 58368K, used 23159K [0x00000000c0000000, 0x0000000100000000)
  region size 1024K, 4 young (4096K), 4 survivors (4096K)
 Metaspace       used 35145K, committed 35456K, reserved 1081344K
  class space    used 4550K, committed 4672K, reserved 1048576K
}
Event: 1.603 GC heap before
{Heap before GC invocations=9 (full 0):
 garbage-first heap   total 58368K, used 41591K [0x00000000c0000000, 0x0000000100000000)
  region size 1024K, 23 young (23552K), 4 survivors (4096K)
 Metaspace       used 35145K, committed 35456K, reserved 1081344K
  class space    used 4550K, committed 4672K, reserved 1048576K
}
Event: 1.607 GC heap after
{Heap after GC invocations=10 (full 0):
 garbage-first heap   total 58368K, used 27290K [0x00000000c0000000, 0x0000000100000000)
  region size 1024K, 3 young (3072K), 3 survivors (3072K)
 Metaspace       used 35145K, committed 35456K, reserved 1081344K
  class space    used 4550K, committed 4672K, reserved 1048576K
}
Event: 1.635 GC heap before
{Heap before GC invocations=10 (full 0):
 garbage-first heap   total 58368K, used 41626K [0x00000000c0000000, 0x0000000100000000)
  region size 1024K, 18 young (18432K), 3 survivors (3072K)
 Metaspace       used 35265K, committed 35712K, reserved 1081344K
  class space    used 4569K, committed 4800K, reserved 1048576K
}
Event: 1.638 GC heap after
{Heap after GC invocations=11 (full 0):
 garbage-first heap   total 58368K, used 30462K [0x00000000c0000000, 0x0000000100000000)
  region size 1024K, 3 young (3072K), 3 survivors (3072K)
 Metaspace       used 35265K, committed 35712K, reserved 1081344K
  class space    used 4569K, committed 4800K, reserved 1048576K
}
Event: 1.652 GC heap before
{Heap before GC invocations=11 (full 0):
 garbage-first heap   total 58368K, used 42750K [0x00000000c0000000, 0x0000000100000000)
  region size 1024K, 15 young (15360K), 3 survivors (3072K)
 Metaspace       used 35265K, committed 35712K, reserved 1081344K
  class space    used 4569K, committed 4800K, reserved 1048576K
}
Event: 1.654 GC heap after
{Heap after GC invocations=12 (full 0):
 garbage-first heap   total 94208K, used 32640K [0x00000000c0000000, 0x0000000100000000)
  region size 1024K, 2 young (2048K), 2 survivors (2048K)
 Metaspace       used 35265K, committed 35712K, reserved 1081344K
  class space    used 4569K, committed 4800K, reserved 1048576K
}
Event: 1.699 GC heap before
{Heap before GC invocations=13 (full 0):
 garbage-first heap   total 94208K, used 65408K [0x00000000c0000000, 0x0000000100000000)
  region size 1024K, 34 young (34816K), 2 survivors (2048K)
 Metaspace       used 35265K, committed 35712K, reserved 1081344K
  class space    used 4569K, committed 4800K, reserved 1048576K
}
Event: 1.703 GC heap after
{Heap after GC invocations=14 (full 0):
 garbage-first heap   total 94208K, used 39798K [0x00000000c0000000, 0x0000000100000000)
  region size 1024K, 5 young (5120K), 5 survivors (5120K)
 Metaspace       used 35265K, committed 35712K, reserved 1081344K
  class space    used 4569K, committed 4800K, reserved 1048576K
}
Event: 1.729 GC heap before
{Heap before GC invocations=14 (full 0):
 garbage-first heap   total 94208K, used 67446K [0x00000000c0000000, 0x0000000100000000)
  region size 1024K, 32 young (32768K), 5 survivors (5120K)
 Metaspace       used 35265K, committed 35712K, reserved 1081344K
  class space    used 4569K, committed 4800K, reserved 1048576K
}
Event: 1.734 GC heap after
{Heap after GC invocations=15 (full 0):
 garbage-first heap   total 94208K, used 47206K [0x00000000c0000000, 0x0000000100000000)
  region size 1024K, 4 young (4096K), 4 survivors (4096K)
 Metaspace       used 35265K, committed 35712K, reserved 1081344K
  class space    used 4569K, committed 4800K, reserved 1048576K
}
Event: 1.788 GC heap before
{Heap before GC invocations=15 (full 0):
 garbage-first heap   total 94208K, used 57446K [0x00000000c0000000, 0x0000000100000000)
  region size 1024K, 16 young (16384K), 4 survivors (4096K)
 Metaspace       used 35265K, committed 35712K, reserved 1081344K
  class space    used 4569K, committed 4800K, reserved 1048576K
}
Event: 1.792 GC heap after
{Heap after GC invocations=16 (full 0):
 garbage-first heap   total 94208K, used 51252K [0x00000000c0000000, 0x0000000100000000)
  region size 1024K, 4 young (4096K), 4 survivors (4096K)
 Metaspace       used 35265K, committed 35712K, reserved 1081344K
  class space    used 4569K, committed 4800K, reserved 1048576K
}
Event: 1.833 GC heap before
{Heap before GC invocations=17 (full 0):
 garbage-first heap   total 109568K, used 71732K [0x00000000c0000000, 0x0000000100000000)
  region size 1024K, 23 young (23552K), 4 survivors (4096K)
 Metaspace       used 35267K, committed 35712K, reserved 1081344K
  class space    used 4571K, committed 4800K, reserved 1048576K
}
Event: 1.840 GC heap after
{Heap after GC invocations=18 (full 0):
 garbage-first heap   total 109568K, used 63044K [0x00000000c0000000, 0x0000000100000000)
  region size 1024K, 3 young (3072K), 3 survivors (3072K)
 Metaspace       used 35267K, committed 35712K, reserved 1081344K
  class space    used 4571K, committed 4800K, reserved 1048576K
}
Event: 1.844 GC heap before
{Heap before GC invocations=18 (full 0):
 garbage-first heap   total 109568K, used 65092K [0x00000000c0000000, 0x0000000100000000)
  region size 1024K, 5 young (5120K), 3 survivors (3072K)
 Metaspace       used 35267K, committed 35712K, reserved 1081344K
  class space    used 4571K, committed 4800K, reserved 1048576K
}
Event: 1.852 GC heap after
{Heap after GC invocations=19 (full 0):
 garbage-first heap   total 109568K, used 65383K [0x00000000c0000000, 0x0000000100000000)
  region size 1024K, 1 young (1024K), 1 survivors (1024K)
 Metaspace       used 35267K, committed 35712K, reserved 1081344K
  class space    used 4571K, committed 4800K, reserved 1048576K
}
Event: 1.862 GC heap before
{Heap before GC invocations=19 (full 0):
 garbage-first heap   total 109568K, used 79719K [0x00000000c0000000, 0x0000000100000000)
  region size 1024K, 16 young (16384K), 1 survivors (1024K)
 Metaspace       used 35319K, committed 35712K, reserved 1081344K
  class space    used 4580K, committed 4800K, reserved 1048576K
}

