# JRE version: OpenJDK Runtime Environment Temurin-17.0.6+10 (17.0.6+10) (build 17.0.6+10)
# Java VM: OpenJDK 64-Bit Server VM Temurin-17.0.6+10 (17.0.6+10, mixed mode, emulated-client, tiered, compressed oops, compressed class ptrs, g1 gc, windows-amd64)
GC Precious Log:
 CPUs: 8 total, 8 available
 Memory: 7886M
 Large Page Support: Disabled
 NUMA Support: Disabled
 Compressed Oops: Enabled (32-bit)
 Heap Region Size: 1M
 Heap Min Capacity: 8M
 Heap Initial Capacity: 124M
 Heap Max Capacity: 1G
 Pre-touch: Disabled
 Parallel Workers: 8
 Concurrent Workers: 2
 Concurrent Refinement Workers: 8
 Periodic GC: Disabled
Heap:
 garbage-first heap   total 128000K, used 66791K [0x00000000c0000000, 0x0000000100000000)
  region size 1024K, 2 young (2048K), 2 survivors (2048K)
 Metaspace       used 35318K, committed 35712K, reserved 1081344K
  class space    used 4579K, committed 4800K, reserved 1048576K
GC Heap History (20 events):
Event: 1.222 GC heap after
{Heap after GC invocations=7 (full 0):
 garbage-first heap   total 48128K, used 16803K [0x00000000c0000000, 0x0000000100000000)
  region size 1024K, 3 young (3072K), 3 survivors (3072K)
 Metaspace       used 31238K, committed 31552K, reserved 1081344K
  class space    used 3979K, committed 4096K, reserved 1048576K
}
Event: 1.434 GC heap before
{Heap before GC invocations=7 (full 0):
 garbage-first heap   total 48128K, used 34211K [0x00000000c0000000, 0x0000000100000000)
  region size 1024K, 20 young (20480K), 3 survivors (3072K)
 Metaspace       used 34455K, committed 34816K, reserved 1081344K
  class space    used 4469K, committed 4608K, reserved 1048576K
}
Event: 1.437 GC heap after
{Heap after GC invocations=8 (full 0):
 garbage-first heap   total 61440K, used 18926K [0x00000000c0000000, 0x0000000100000000)
  region size 1024K, 2 young (2048K), 2 survivors (2048K)
 Metaspace       used 34455K, committed 34816K, reserved 1081344K
  class space    used 4469K, committed 4608K, reserved 1048576K
}
Event: 1.512 GC heap before
{Heap before GC invocations=8 (full 0):
 garbage-first heap   total 61440K, used 42478K [0x00000000c0000000, 0x0000000100000000)
  region size 1024K, 26 young (26624K), 2 survivors (2048K)
 Metaspace       used 35144K, committed 35456K, reserved 1081344K
  class space    used 4549K, committed 4672K, reserved 1048576K
}
Event: 1.515 GC heap after
{Heap after GC invocations=9 (full 0):
 garbage-first heap   total 61440K, used 23399K [0x00000000c0000000, 0x0000000100000000)
  region size 1024K, 4 young (4096K), 4 survivors (4096K)
 Metaspace       used 35144K, committed 35456K, reserved 1081344K
  class space    used 4549K, committed 4672K, reserved 1048576K
}
Event: 1.541 GC heap before
{Heap before GC invocations=9 (full 0):
 garbage-first heap   total 61440K, used 42855K [0x00000000c0000000, 0x0000000100000000)
  region size 1024K, 24 young (24576K), 4 survivors (4096K)
 Metaspace       used 35144K, committed 35456K, reserved 1081344K
  class space    used 4549K, committed 4672K, reserved 1048576K
}
Event: 1.544 GC heap after
{Heap after GC invocations=10 (full 0):
 garbage-first heap   total 61440K, used 27935K [0x00000000c0000000, 0x0000000100000000)
  region size 1024K, 3 young (3072K), 3 survivors (3072K)
 Metaspace       used 35144K, committed 35456K, reserved 1081344K
  class space    used 4549K, committed 4672K, reserved 1048576K
}
Event: 1.580 GC heap before
{Heap before GC invocations=10 (full 0):
 garbage-first heap   total 61440K, used 45343K [0x00000000c0000000, 0x0000000100000000)
  region size 1024K, 20 young (20480K), 3 survivors (3072K)
 Metaspace       used 35264K, committed 35712K, reserved 1081344K
  class space    used 4568K, committed 4800K, reserved 1048576K
}
Event: 1.584 GC heap after
{Heap after GC invocations=11 (full 0):
 garbage-first heap   total 61440K, used 31251K [0x00000000c0000000, 0x0000000100000000)
  region size 1024K, 3 young (3072K), 3 survivors (3072K)
 Metaspace       used 35264K, committed 35712K, reserved 1081344K
  class space    used 4568K, committed 4800K, reserved 1048576K
}
Event: 1.601 GC heap before
{Heap before GC invocations=11 (full 0):
 garbage-first heap   total 61440K, used 45587K [0x00000000c0000000, 0x0000000100000000)
  region size 1024K, 17 young (17408K), 3 survivors (3072K)
 Metaspace       used 35264K, committed 35712K, reserved 1081344K
  class space    used 4568K, committed 4800K, reserved 1048576K
}
Event: 1.603 GC heap after
{Heap after GC invocations=12 (full 0):
 garbage-first heap   total 104448K, used 34111K [0x00000000c0000000, 0x0000000100000000)
  region size 1024K, 3 young (3072K), 3 survivors (3072K)
 Metaspace       used 35264K, committed 35712K, reserved 1081344K
  class space    used 4568K, committed 4800K, reserved 1048576K
}
Event: 1.660 GC heap before
{Heap before GC invocations=13 (full 0):
 garbage-first heap   total 104448K, used 71999K [0x00000000c0000000, 0x0000000100000000)
  region size 1024K, 41 young (41984K), 3 survivors (3072K)
 Metaspace       used 35264K, committed 35712K, reserved 1081344K
  class space    used 4568K, committed 4800K, reserved 1048576K
}
Event: 1.665 GC heap after
{Heap after GC invocations=14 (full 0):
 garbage-first heap   total 104448K, used 43954K [0x00000000c0000000, 0x0000000100000000)
  region size 1024K, 6 young (6144K), 6 survivors (6144K)
 Metaspace       used 35264K, committed 35712K, reserved 1081344K
  class space    used 4568K, committed 4800K, reserved 1048576K
}
Event: 1.770 GC heap before
{Heap before GC invocations=14 (full 0):
 garbage-first heap   total 104448K, used 74674K [0x00000000c0000000, 0x0000000100000000)
  region size 1024K, 35 young (35840K), 6 survivors (6144K)
 Metaspace       used 35265K, committed 35712K, reserved 1081344K
  class space    used 4569K, committed 4800K, reserved 1048576K
}
Event: 1.777 GC heap after
{Heap after GC invocations=15 (full 0):
 garbage-first heap   total 104448K, used 54453K [0x00000000c0000000, 0x0000000100000000)
  region size 1024K, 5 young (5120K), 5 survivors (5120K)
 Metaspace       used 35265K, committed 35712K, reserved 1081344K
  class space    used 4569K, committed 4800K, reserved 1048576K
}
Event: 1.798 GC heap before
{Heap before GC invocations=15 (full 0):
 garbage-first heap   total 104448K, used 63669K [0x00000000c0000000, 0x0000000100000000)
  region size 1024K, 15 young (15360K), 5 survivors (5120K)
 Metaspace       used 35265K, committed 35712K, reserved 1081344K
  class space    used 4569K, committed 4800K, reserved 1048576K
}
Event: 1.802 GC heap after
{Heap after GC invocations=16 (full 0):
 garbage-first heap   total 104448K, used 60027K [0x00000000c0000000, 0x0000000100000000)
  region size 1024K, 4 young (4096K), 4 survivors (4096K)
 Metaspace       used 35265K, committed 35712K, reserved 1081344K
  class space    used 4569K, committed 4800K, reserved 1048576K
}
Event: 1.834 GC heap before
{Heap before GC invocations=16 (full 0):
 garbage-first heap   total 104448K, used 75387K [0x00000000c0000000, 0x0000000100000000)
  region size 1024K, 19 young (19456K), 4 survivors (4096K)
 Metaspace       used 35317K, committed 35712K, reserved 1081344K
  class space    used 4577K, committed 4800K, reserved 1048576K
}
Event: 1.850 GC heap after
{Heap after GC invocations=17 (full 0):
 garbage-first heap   total 104448K, used 66412K [0x00000000c0000000, 0x0000000100000000)
  region size 1024K, 3 young (3072K), 3 survivors (3072K)
 Metaspace       used 35317K, committed 35712K, reserved 1081344K
  class space    used 4577K, committed 4800K, reserved 1048576K
}
Event: 1.860 GC heap before
{Heap before GC invocations=17 (full 0):
 garbage-first heap   total 128000K, used 76652K [0x00000000c0000000, 0x0000000100000000)
  region size 1024K, 15 young (15360K), 3 survivors (3072K)
 Metaspace       used 35318K, committed 35712K, reserved 1081344K
  class space    used 4579K, committed 4800K, reserved 1048576K
}

