# JRE version: OpenJDK Runtime Environment Temurin-17.0.6+10 (17.0.6+10) (build 17.0.6+10)
# Java VM: OpenJDK 64-Bit Server VM Temurin-17.0.6+10 (17.0.6+10, mixed mode, emulated-client, tiered, compressed oops, compressed class ptrs, g1 gc, windows-amd64)
GC Precious Log:
 CPUs: 8 total, 8 available
 Memory: 7886M
 Large Page Support: Disabled
 NUMA Support: Disabled
 Compressed Oops: Enabled (32-bit)
 Heap Region Size: 1M
 Heap Min Capacity: 8M
 Heap Initial Capacity: 124M
 Heap Max Capacity: 1G
 Pre-touch: Disabled
 Parallel Workers: 8
 Concurrent Workers: 2
 Concurrent Refinement Workers: 8
 Periodic GC: Disabled
Heap:
 garbage-first heap   total 259072K, used 83345K [0x00000000c0000000, 0x0000000100000000)
  region size 1024K, 10 young (10240K), 10 survivors (10240K)
 Metaspace       used 35421K, committed 35776K, reserved 1081344K
  class space    used 4593K, committed 4800K, reserved 1048576K
GC Heap History (20 events):
Event: 1.624 GC heap after
{Heap after GC invocations=11 (full 0):
 garbage-first heap   total 105472K, used 31904K [0x00000000c0000000, 0x0000000100000000)
  region size 1024K, 3 young (3072K), 3 survivors (3072K)
 Metaspace       used 35265K, committed 35712K, reserved 1081344K
  class space    used 4569K, committed 4800K, reserved 1048576K
}
Event: 1.674 GC heap before
{Heap before GC invocations=12 (full 0):
 garbage-first heap   total 105472K, used 71840K [0x00000000c0000000, 0x0000000100000000)
  region size 1024K, 42 young (43008K), 3 survivors (3072K)
 Metaspace       used 35265K, committed 35712K, reserved 1081344K
  class space    used 4569K, committed 4800K, reserved 1048576K
}
Event: 1.679 GC heap after
{Heap after GC invocations=13 (full 0):
 garbage-first heap   total 105472K, used 40098K [0x00000000c0000000, 0x0000000100000000)
  region size 1024K, 6 young (6144K), 6 survivors (6144K)
 Metaspace       used 35265K, committed 35712K, reserved 1081344K
  class space    used 4569K, committed 4800K, reserved 1048576K
}
Event: 1.731 GC heap before
{Heap before GC invocations=13 (full 0):
 garbage-first heap   total 105472K, used 71842K [0x00000000c0000000, 0x0000000100000000)
  region size 1024K, 38 young (38912K), 6 survivors (6144K)
 Metaspace       used 35265K, committed 35712K, reserved 1081344K
  class space    used 4569K, committed 4800K, reserved 1048576K
}
Event: 1.737 GC heap after
{Heap after GC invocations=14 (full 0):
 garbage-first heap   total 105472K, used 48321K [0x00000000c0000000, 0x0000000100000000)
  region size 1024K, 5 young (5120K), 5 survivors (5120K)
 Metaspace       used 35265K, committed 35712K, reserved 1081344K
  class space    used 4569K, committed 4800K, reserved 1048576K
}
Event: 1.804 GC heap before
{Heap before GC invocations=14 (full 0):
 garbage-first heap   total 105472K, used 78017K [0x00000000c0000000, 0x0000000100000000)
  region size 1024K, 32 young (32768K), 5 survivors (5120K)
 Metaspace       used 35267K, committed 35712K, reserved 1081344K
  class space    used 4571K, committed 4800K, reserved 1048576K
}
Event: 1.819 GC heap after
{Heap after GC invocations=15 (full 0):
 garbage-first heap   total 105472K, used 64362K [0x00000000c0000000, 0x0000000100000000)
  region size 1024K, 4 young (4096K), 4 survivors (4096K)
 Metaspace       used 35267K, committed 35712K, reserved 1081344K
  class space    used 4571K, committed 4800K, reserved 1048576K
}
Event: 1.828 GC heap before
{Heap before GC invocations=15 (full 0):
 garbage-first heap   total 105472K, used 77674K [0x00000000c0000000, 0x0000000100000000)
  region size 1024K, 18 young (18432K), 4 survivors (4096K)
 Metaspace       used 35317K, committed 35712K, reserved 1081344K
  class space    used 4578K, committed 4800K, reserved 1048576K
}
Event: 1.833 GC heap after
{Heap after GC invocations=16 (full 0):
 garbage-first heap   total 105472K, used 66987K [0x00000000c0000000, 0x0000000100000000)
  region size 1024K, 2 young (2048K), 2 survivors (2048K)
 Metaspace       used 35317K, committed 35712K, reserved 1081344K
  class space    used 4578K, committed 4800K, reserved 1048576K
}
Event: 1.841 GC heap before
{Heap before GC invocations=16 (full 0):
 garbage-first heap   total 105472K, used 79275K [0x00000000c0000000, 0x0000000100000000)
  region size 1024K, 15 young (15360K), 2 survivors (2048K)
 Metaspace       used 35321K, committed 35712K, reserved 1081344K
  class space    used 4579K, committed 4800K, reserved 1048576K
}
Event: 1.846 GC heap after
{Heap after GC invocations=17 (full 0):
 garbage-first heap   total 259072K, used 67974K [0x00000000c0000000, 0x0000000100000000)
  region size 1024K, 1 young (1024K), 1 survivors (1024K)
 Metaspace       used 35321K, committed 35712K, reserved 1081344K
  class space    used 4579K, committed 4800K, reserved 1048576K
}
Event: 1.869 GC heap before
{Heap before GC invocations=17 (full 0):
 garbage-first heap   total 259072K, used 144774K [0x00000000c0000000, 0x0000000100000000)
  region size 1024K, 77 young (78848K), 1 survivors (1024K)
 Metaspace       used 35341K, committed 35712K, reserved 1081344K
  class space    used 4583K, committed 4800K, reserved 1048576K
}
Event: 1.871 GC heap after
{Heap after GC invocations=18 (full 0):
 garbage-first heap   total 259072K, used 71053K [0x00000000c0000000, 0x0000000100000000)
  region size 1024K, 4 young (4096K), 4 survivors (4096K)
 Metaspace       used 35341K, committed 35712K, reserved 1081344K
  class space    used 4583K, committed 4800K, reserved 1048576K
}
Event: 1.916 GC heap before
{Heap before GC invocations=19 (full 0):
 garbage-first heap   total 259072K, used 179597K [0x00000000c0000000, 0x0000000100000000)
  region size 1024K, 112 young (114688K), 4 survivors (4096K)
 Metaspace       used 35421K, committed 35776K, reserved 1081344K
  class space    used 4593K, committed 4800K, reserved 1048576K
}
Event: 1.921 GC heap after
{Heap after GC invocations=20 (full 0):
 garbage-first heap   total 259072K, used 74388K [0x00000000c0000000, 0x0000000100000000)
  region size 1024K, 9 young (9216K), 9 survivors (9216K)
 Metaspace       used 35421K, committed 35776K, reserved 1081344K
  class space    used 4593K, committed 4800K, reserved 1048576K
}
Event: 1.922 GC heap before
{Heap before GC invocations=20 (full 0):
 garbage-first heap   total 259072K, used 76436K [0x00000000c0000000, 0x0000000100000000)
  region size 1024K, 12 young (12288K), 9 survivors (9216K)
 Metaspace       used 35421K, committed 35776K, reserved 1081344K
  class space    used 4593K, committed 4800K, reserved 1048576K
}
Event: 1.926 GC heap after
{Heap after GC invocations=21 (full 0):
 garbage-first heap   total 259072K, used 74493K [0x00000000c0000000, 0x0000000100000000)
  region size 1024K, 1 young (1024K), 1 survivors (1024K)
 Metaspace       used 35421K, committed 35776K, reserved 1081344K
  class space    used 4593K, committed 4800K, reserved 1048576K
}
Event: 1.951 GC heap before
{Heap before GC invocations=21 (full 0):
 garbage-first heap   total 259072K, used 190205K [0x00000000c0000000, 0x0000000100000000)
  region size 1024K, 115 young (117760K), 1 survivors (1024K)
 Metaspace       used 35421K, committed 35776K, reserved 1081344K
  class space    used 4593K, committed 4800K, reserved 1048576K
}
Event: 1.953 GC heap after
{Heap after GC invocations=22 (full 0):
 garbage-first heap   total 259072K, used 78157K [0x00000000c0000000, 0x0000000100000000)
  region size 1024K, 5 young (5120K), 5 survivors (5120K)
 Metaspace       used 35421K, committed 35776K, reserved 1081344K
  class space    used 4593K, committed 4800K, reserved 1048576K
}
Event: 1.980 GC heap before
{Heap before GC invocations=22 (full 0):
 garbage-first heap   total 259072K, used 196941K [0x00000000c0000000, 0x0000000100000000)
  region size 1024K, 122 young (124928K), 5 survivors (5120K)
 Metaspace       used 35421K, committed 35776K, reserved 1081344K
  class space    used 4593K, committed 4800K, reserved 1048576K
}

