# JRE version: OpenJDK Runtime Environment Temurin-17.0.6+10 (17.0.6+10) (build 17.0.6+10)
# Java VM: OpenJDK 64-Bit Server VM Temurin-17.0.6+10 (17.0.6+10, mixed mode, emulated-client, tiered, compressed oops, compressed class ptrs, g1 gc, windows-amd64)
GC Precious Log:
 CPUs: 8 total, 8 available
 Memory: 7886M
 Large Page Support: Disabled
 NUMA Support: Disabled
 Compressed Oops: Enabled (32-bit)
 Heap Region Size: 1M
 Heap Min Capacity: 8M
 Heap Initial Capacity: 124M
 Heap Max Capacity: 1G
 Pre-touch: Disabled
 Parallel Workers: 8
 Concurrent Workers: 2
 Concurrent Refinement Workers: 8
 Periodic GC: Disabled
Heap:
 garbage-first heap   total 152576K, used 71005K [0x00000000c0000000, 0x0000000100000000)
  region size 1024K, 4 young (4096K), 4 survivors (4096K)
 Metaspace       used 35385K, committed 35840K, reserved 1081344K
  class space    used 4582K, committed 4800K, reserved 1048576K
GC Heap History (20 events):
Event: 1.195 GC heap after
{Heap after GC invocations=7 (full 0):
 garbage-first heap   total 48128K, used 14494K [0x00000000c0000000, 0x0000000100000000)
  region size 1024K, 2 young (2048K), 2 survivors (2048K)
 Metaspace       used 28836K, committed 29120K, reserved 1081344K
  class space    used 3660K, committed 3776K, reserved 1048576K
}
Event: 1.337 GC heap before
{Heap before GC invocations=7 (full 0):
 garbage-first heap   total 48128K, used 31902K [0x00000000c0000000, 0x0000000100000000)
  region size 1024K, 20 young (20480K), 2 survivors (2048K)
 Metaspace       used 31473K, committed 31808K, reserved 1081344K
  class space    used 4007K, committed 4160K, reserved 1048576K
}
Event: 1.341 GC heap after
{Heap after GC invocations=8 (full 0):
 garbage-first heap   total 48128K, used 16518K [0x00000000c0000000, 0x0000000100000000)
  region size 1024K, 3 young (3072K), 3 survivors (3072K)
 Metaspace       used 31473K, committed 31808K, reserved 1081344K
  class space    used 4007K, committed 4160K, reserved 1048576K
}
Event: 1.548 GC heap before
{Heap before GC invocations=8 (full 0):
 garbage-first heap   total 48128K, used 33926K [0x00000000c0000000, 0x0000000100000000)
  region size 1024K, 20 young (20480K), 3 survivors (3072K)
 Metaspace       used 34692K, committed 35072K, reserved 1081344K
  class space    used 4493K, committed 4672K, reserved 1048576K
}
Event: 1.551 GC heap after
{Heap after GC invocations=9 (full 0):
 garbage-first heap   total 84992K, used 18434K [0x00000000c0000000, 0x0000000100000000)
  region size 1024K, 2 young (2048K), 2 survivors (2048K)
 Metaspace       used 34692K, committed 35072K, reserved 1081344K
  class space    used 4493K, committed 4672K, reserved 1048576K
}
Event: 1.639 GC heap before
{Heap before GC invocations=9 (full 0):
 garbage-first heap   total 84992K, used 57346K [0x00000000c0000000, 0x0000000100000000)
  region size 1024K, 41 young (41984K), 2 survivors (2048K)
 Metaspace       used 35141K, committed 35456K, reserved 1081344K
  class space    used 4547K, committed 4672K, reserved 1048576K
}
Event: 1.643 GC heap after
{Heap after GC invocations=10 (full 0):
 garbage-first heap   total 84992K, used 26442K [0x00000000c0000000, 0x0000000100000000)
  region size 1024K, 6 young (6144K), 6 survivors (6144K)
 Metaspace       used 35141K, committed 35456K, reserved 1081344K
  class space    used 4547K, committed 4672K, reserved 1048576K
}
Event: 1.685 GC heap before
{Heap before GC invocations=10 (full 0):
 garbage-first heap   total 84992K, used 58186K [0x00000000c0000000, 0x0000000100000000)
  region size 1024K, 37 young (37888K), 6 survivors (6144K)
 Metaspace       used 35261K, committed 35712K, reserved 1081344K
  class space    used 4566K, committed 4800K, reserved 1048576K
}
Event: 1.689 GC heap after
{Heap after GC invocations=11 (full 0):
 garbage-first heap   total 84992K, used 31983K [0x00000000c0000000, 0x0000000100000000)
  region size 1024K, 5 young (5120K), 5 survivors (5120K)
 Metaspace       used 35261K, committed 35712K, reserved 1081344K
  class space    used 4566K, committed 4800K, reserved 1048576K
}
Event: 1.719 GC heap before
{Heap before GC invocations=11 (full 0):
 garbage-first heap   total 84992K, used 60655K [0x00000000c0000000, 0x0000000100000000)
  region size 1024K, 33 young (33792K), 5 survivors (5120K)
 Metaspace       used 35265K, committed 35776K, reserved 1081344K
  class space    used 4566K, committed 4800K, reserved 1048576K
}
Event: 1.724 GC heap after
{Heap after GC invocations=12 (full 0):
 garbage-first heap   total 84992K, used 38704K [0x00000000c0000000, 0x0000000100000000)
  region size 1024K, 5 young (5120K), 5 survivors (5120K)
 Metaspace       used 35265K, committed 35776K, reserved 1081344K
  class space    used 4566K, committed 4800K, reserved 1048576K
}
Event: 1.747 GC heap before
{Heap before GC invocations=12 (full 0):
 garbage-first heap   total 84992K, used 61232K [0x00000000c0000000, 0x0000000100000000)
  region size 1024K, 28 young (28672K), 5 survivors (5120K)
 Metaspace       used 35265K, committed 35776K, reserved 1081344K
  class space    used 4566K, committed 4800K, reserved 1048576K
}
Event: 1.752 GC heap after
{Heap after GC invocations=13 (full 0):
 garbage-first heap   total 152576K, used 45203K [0x00000000c0000000, 0x0000000100000000)
  region size 1024K, 4 young (4096K), 4 survivors (4096K)
 Metaspace       used 35265K, committed 35776K, reserved 1081344K
  class space    used 4566K, committed 4800K, reserved 1048576K
}
Event: 1.865 GC heap before
{Heap before GC invocations=13 (full 0):
 garbage-first heap   total 152576K, used 98451K [0x00000000c0000000, 0x0000000100000000)
  region size 1024K, 55 young (56320K), 4 survivors (4096K)
 Metaspace       used 35358K, committed 35840K, reserved 1081344K
  class space    used 4576K, committed 4800K, reserved 1048576K
}
Event: 1.887 GC heap after
{Heap after GC invocations=14 (full 0):
 garbage-first heap   total 152576K, used 64497K [0x00000000c0000000, 0x0000000100000000)
  region size 1024K, 7 young (7168K), 7 survivors (7168K)
 Metaspace       used 35358K, committed 35840K, reserved 1081344K
  class space    used 4576K, committed 4800K, reserved 1048576K
}
Event: 1.897 GC heap before
{Heap before GC invocations=14 (full 0):
 garbage-first heap   total 152576K, used 102385K [0x00000000c0000000, 0x0000000100000000)
  region size 1024K, 45 young (46080K), 7 survivors (7168K)
 Metaspace       used 35369K, committed 35840K, reserved 1081344K
  class space    used 4576K, committed 4800K, reserved 1048576K
}
Event: 1.901 GC heap after
{Heap after GC invocations=15 (full 0):
 garbage-first heap   total 152576K, used 67737K [0x00000000c0000000, 0x0000000100000000)
  region size 1024K, 3 young (3072K), 3 survivors (3072K)
 Metaspace       used 35369K, committed 35840K, reserved 1081344K
  class space    used 4576K, committed 4800K, reserved 1048576K
}
Event: 1.907 GC heap before
{Heap before GC invocations=15 (full 0):
 garbage-first heap   total 152576K, used 107673K [0x00000000c0000000, 0x0000000100000000)
  region size 1024K, 43 young (44032K), 3 survivors (3072K)
 Metaspace       used 35372K, committed 35840K, reserved 1081344K
  class space    used 4576K, committed 4800K, reserved 1048576K
}
Event: 1.908 GC heap after
{Heap after GC invocations=16 (full 0):
 garbage-first heap   total 152576K, used 68948K [0x00000000c0000000, 0x0000000100000000)
  region size 1024K, 4 young (4096K), 4 survivors (4096K)
 Metaspace       used 35372K, committed 35840K, reserved 1081344K
  class space    used 4576K, committed 4800K, reserved 1048576K
}
Event: 1.917 GC heap before
{Heap before GC invocations=16 (full 0):
 garbage-first heap   total 152576K, used 111956K [0x00000000c0000000, 0x0000000100000000)
  region size 1024K, 47 young (48128K), 4 survivors (4096K)
 Metaspace       used 35385K, committed 35840K, reserved 1081344K
  class space    used 4582K, committed 4800K, reserved 1048576K
}

