# JRE version: OpenJDK Runtime Environment Temurin-17.0.6+10 (17.0.6+10) (build 17.0.6+10)
# Java VM: OpenJDK 64-Bit Server VM Temurin-17.0.6+10 (17.0.6+10, mixed mode, emulated-client, tiered, compressed oops, compressed class ptrs, g1 gc, windows-amd64)
GC Precious Log:
 CPUs: 8 total, 8 available
 Memory: 7886M
 Large Page Support: Disabled
 NUMA Support: Disabled
 Compressed Oops: Enabled (32-bit)
 Heap Region Size: 1M
 Heap Min Capacity: 8M
 Heap Initial Capacity: 124M
 Heap Max Capacity: 1G
 Pre-touch: Disabled
 Parallel Workers: 8
 Concurrent Workers: 2
 Concurrent Refinement Workers: 8
 Periodic GC: Disabled
Heap:
 garbage-first heap   total 613376K, used 155525K [0x00000000c0000000, 0x0000000100000000)
  region size 1024K, 37 young (37888K), 37 survivors (37888K)
 Metaspace       used 35855K, committed 36288K, reserved 1081344K
  class space    used 4651K, committed 4864K, reserved 1048576K
GC Heap History (20 events):
Event: 1.976 GC heap after
{Heap after GC invocations=19 (full 0):
 garbage-first heap   total 107520K, used 61712K [0x00000000c0000000, 0x0000000100000000)
  region size 1024K, 1 young (1024K), 1 survivors (1024K)
 Metaspace       used 35570K, committed 35968K, reserved 1081344K
  class space    used 4619K, committed 4800K, reserved 1048576K
}
Event: 1.994 GC heap before
{Heap before GC invocations=19 (full 0):
 garbage-first heap   total 107520K, used 75024K [0x00000000c0000000, 0x0000000100000000)
  region size 1024K, 15 young (15360K), 1 survivors (1024K)
 Metaspace       used 35624K, committed 36032K, reserved 1081344K
  class space    used 4629K, committed 4800K, reserved 1048576K
}
Event: 2.007 GC heap after
{Heap after GC invocations=20 (full 0):
 garbage-first heap   total 322560K, used 66167K [0x00000000c0000000, 0x0000000100000000)
  region size 1024K, 2 young (2048K), 2 survivors (2048K)
 Metaspace       used 35624K, committed 36032K, reserved 1081344K
  class space    used 4629K, committed 4800K, reserved 1048576K
}
Event: 2.039 GC heap before
{Heap before GC invocations=20 (full 0):
 garbage-first heap   total 322560K, used 161399K [0x00000000c0000000, 0x0000000100000000)
  region size 1024K, 96 young (98304K), 2 survivors (2048K)
 Metaspace       used 35630K, committed 36032K, reserved 1081344K
  class space    used 4629K, committed 4800K, reserved 1048576K
}
Event: 2.043 GC heap after
{Heap after GC invocations=21 (full 0):
 garbage-first heap   total 322560K, used 70309K [0x00000000c0000000, 0x0000000100000000)
  region size 1024K, 7 young (7168K), 7 survivors (7168K)
 Metaspace       used 35630K, committed 36032K, reserved 1081344K
  class space    used 4629K, committed 4800K, reserved 1048576K
}
Event: 2.084 GC heap before
{Heap before GC invocations=22 (full 0):
 garbage-first heap   total 322560K, used 225957K [0x00000000c0000000, 0x0000000100000000)
  region size 1024K, 161 young (164864K), 7 survivors (7168K)
 Metaspace       used 35725K, committed 36160K, reserved 1081344K
  class space    used 4642K, committed 4864K, reserved 1048576K
}
Event: 2.090 GC heap after
{Heap after GC invocations=23 (full 0):
 garbage-first heap   total 322560K, used 75504K [0x00000000c0000000, 0x0000000100000000)
  region size 1024K, 13 young (13312K), 13 survivors (13312K)
 Metaspace       used 35725K, committed 36160K, reserved 1081344K
  class space    used 4642K, committed 4864K, reserved 1048576K
}
Event: 2.090 GC heap before
{Heap before GC invocations=23 (full 0):
 garbage-first heap   total 322560K, used 77552K [0x00000000c0000000, 0x0000000100000000)
  region size 1024K, 16 young (16384K), 13 survivors (13312K)
 Metaspace       used 35725K, committed 36160K, reserved 1081344K
  class space    used 4642K, committed 4864K, reserved 1048576K
}
Event: 2.095 GC heap after
{Heap after GC invocations=24 (full 0):
 garbage-first heap   total 322560K, used 75880K [0x00000000c0000000, 0x0000000100000000)
  region size 1024K, 2 young (2048K), 2 survivors (2048K)
 Metaspace       used 35725K, committed 36160K, reserved 1081344K
  class space    used 4642K, committed 4864K, reserved 1048576K
}
Event: 2.121 GC heap before
{Heap before GC invocations=24 (full 0):
 garbage-first heap   total 322560K, used 237672K [0x00000000c0000000, 0x0000000100000000)
  region size 1024K, 161 young (164864K), 2 survivors (2048K)
 Metaspace       used 35725K, committed 36160K, reserved 1081344K
  class space    used 4642K, committed 4864K, reserved 1048576K
}
Event: 2.124 GC heap after
{Heap after GC invocations=25 (full 0):
 garbage-first heap   total 322560K, used 81491K [0x00000000c0000000, 0x0000000100000000)
  region size 1024K, 8 young (8192K), 8 survivors (8192K)
 Metaspace       used 35725K, committed 36160K, reserved 1081344K
  class space    used 4642K, committed 4864K, reserved 1048576K
}
Event: 2.149 GC heap before
{Heap before GC invocations=25 (full 0):
 garbage-first heap   total 322560K, used 242259K [0x00000000c0000000, 0x0000000100000000)
  region size 1024K, 166 young (169984K), 8 survivors (8192K)
 Metaspace       used 35725K, committed 36160K, reserved 1081344K
  class space    used 4642K, committed 4864K, reserved 1048576K
}
Event: 2.156 GC heap after
{Heap after GC invocations=26 (full 0):
 garbage-first heap   total 613376K, used 88183K [0x00000000c0000000, 0x0000000100000000)
  region size 1024K, 14 young (14336K), 14 survivors (14336K)
 Metaspace       used 35725K, committed 36160K, reserved 1081344K
  class space    used 4642K, committed 4864K, reserved 1048576K
}
Event: 2.248 GC heap before
{Heap before GC invocations=26 (full 0):
 garbage-first heap   total 613376K, used 440439K [0x00000000c0000000, 0x0000000100000000)
  region size 1024K, 359 young (367616K), 14 survivors (14336K)
 Metaspace       used 35725K, committed 36160K, reserved 1081344K
  class space    used 4642K, committed 4864K, reserved 1048576K
}
Event: 2.257 GC heap after
{Heap after GC invocations=27 (full 0):
 garbage-first heap   total 613376K, used 102376K [0x00000000c0000000, 0x0000000100000000)
  region size 1024K, 28 young (28672K), 28 survivors (28672K)
 Metaspace       used 35725K, committed 36160K, reserved 1081344K
  class space    used 4642K, committed 4864K, reserved 1048576K
}
Event: 2.311 GC heap before
{Heap before GC invocations=27 (full 0):
 garbage-first heap   total 613376K, used 440296K [0x00000000c0000000, 0x0000000100000000)
  region size 1024K, 359 young (367616K), 28 survivors (28672K)
 Metaspace       used 35725K, committed 36160K, reserved 1081344K
  class space    used 4642K, committed 4864K, reserved 1048576K
}
Event: 2.322 GC heap after
{Heap after GC invocations=28 (full 0):
 garbage-first heap   total 613376K, used 117094K [0x00000000c0000000, 0x0000000100000000)
  region size 1024K, 35 young (35840K), 35 survivors (35840K)
 Metaspace       used 35725K, committed 36160K, reserved 1081344K
  class space    used 4642K, committed 4864K, reserved 1048576K
}
Event: 2.411 GC heap before
{Heap before GC invocations=28 (full 0):
 garbage-first heap   total 613376K, used 447846K [0x00000000c0000000, 0x0000000100000000)
  region size 1024K, 359 young (367616K), 35 survivors (35840K)
 Metaspace       used 35855K, committed 36288K, reserved 1081344K
  class space    used 4651K, committed 4864K, reserved 1048576K
}
Event: 2.423 GC heap after
{Heap after GC invocations=29 (full 0):
 garbage-first heap   total 613376K, used 138389K [0x00000000c0000000, 0x0000000100000000)
  region size 1024K, 37 young (37888K), 37 survivors (37888K)
 Metaspace       used 35855K, committed 36288K, reserved 1081344K
  class space    used 4651K, committed 4864K, reserved 1048576K
}
Event: 2.590 GC heap before
{Heap before GC invocations=29 (full 0):
 garbage-first heap   total 613376K, used 468117K [0x00000000c0000000, 0x0000000100000000)
  region size 1024K, 359 young (367616K), 37 survivors (37888K)
 Metaspace       used 35855K, committed 36288K, reserved 1081344K
  class space    used 4651K, committed 4864K, reserved 1048576K
}

