# JRE version: OpenJDK Runtime Environment Temurin-17.0.6+10 (17.0.6+10) (build 17.0.6+10)
# Java VM: OpenJDK 64-Bit Server VM Temurin-17.0.6+10 (17.0.6+10, mixed mode, emulated-client, tiered, compressed oops, compressed class ptrs, g1 gc, windows-amd64)
GC Precious Log:
 CPUs: 8 total, 8 available
 Memory: 7886M
 Large Page Support: Disabled
 NUMA Support: Disabled
 Compressed Oops: Enabled (32-bit)
 Heap Region Size: 1M
 Heap Min Capacity: 8M
 Heap Initial Capacity: 124M
 Heap Max Capacity: 1G
 Pre-touch: Disabled
 Parallel Workers: 8
 Concurrent Workers: 2
 Concurrent Refinement Workers: 8
 Periodic GC: Disabled
Heap:
 garbage-first heap   total 585728K, used 167831K [0x00000000c0000000, 0x0000000100000000)
  region size 1024K, 34 young (34816K), 34 survivors (34816K)
 Metaspace       used 45356K, committed 45824K, reserved 1089536K
  class space    used 5682K, committed 5888K, reserved 1048576K
GC Heap History (20 events):
Event: 2.828 GC heap after
{Heap after GC invocations=18 (full 0):
 garbage-first heap   total 101376K, used 53848K [0x00000000c0000000, 0x0000000100000000)
  region size 1024K, 4 young (4096K), 4 survivors (4096K)
 Metaspace       used 39167K, committed 39616K, reserved 1089536K
  class space    used 5005K, committed 5184K, reserved 1048576K
}
Event: 2.872 GC heap before
{Heap before GC invocations=18 (full 0):
 garbage-first heap   total 117760K, used 76376K [0x00000000c0000000, 0x0000000100000000)
  region size 1024K, 26 young (26624K), 4 survivors (4096K)
 Metaspace       used 39392K, committed 39808K, reserved 1089536K
  class space    used 5037K, committed 5184K, reserved 1048576K
}
Event: 2.880 GC heap after
{Heap after GC invocations=19 (full 0):
 garbage-first heap   total 308224K, used 63580K [0x00000000c0000000, 0x0000000100000000)
  region size 1024K, 4 young (4096K), 4 survivors (4096K)
 Metaspace       used 39392K, committed 39808K, reserved 1089536K
  class space    used 5037K, committed 5184K, reserved 1048576K
}
Event: 2.939 GC heap before
{Heap before GC invocations=20 (full 0):
 garbage-first heap   total 308224K, used 181340K [0x00000000c0000000, 0x0000000100000000)
  region size 1024K, 118 young (120832K), 4 survivors (4096K)
 Metaspace       used 39682K, committed 40128K, reserved 1089536K
  class space    used 5075K, committed 5248K, reserved 1048576K
}
Event: 2.956 GC heap after
{Heap after GC invocations=21 (full 0):
 garbage-first heap   total 308224K, used 78285K [0x00000000c0000000, 0x0000000100000000)
  region size 1024K, 15 young (15360K), 15 survivors (15360K)
 Metaspace       used 39682K, committed 40128K, reserved 1089536K
  class space    used 5075K, committed 5248K, reserved 1048576K
}
Event: 2.959 GC heap before
{Heap before GC invocations=21 (full 0):
 garbage-first heap   total 308224K, used 79309K [0x00000000c0000000, 0x0000000100000000)
  region size 1024K, 17 young (17408K), 15 survivors (15360K)
 Metaspace       used 39693K, committed 40128K, reserved 1089536K
  class space    used 5080K, committed 5248K, reserved 1048576K
}
Event: 2.971 GC heap after
{Heap after GC invocations=22 (full 0):
 garbage-first heap   total 308224K, used 79503K [0x00000000c0000000, 0x0000000100000000)
  region size 1024K, 2 young (2048K), 2 survivors (2048K)
 Metaspace       used 39693K, committed 40128K, reserved 1089536K
  class space    used 5080K, committed 5248K, reserved 1048576K
}
Event: 3.004 GC heap before
{Heap before GC invocations=22 (full 0):
 garbage-first heap   total 308224K, used 201359K [0x00000000c0000000, 0x0000000100000000)
  region size 1024K, 123 young (125952K), 2 survivors (2048K)
 Metaspace       used 39816K, committed 40256K, reserved 1089536K
  class space    used 5104K, committed 5312K, reserved 1048576K
}
Event: 3.007 GC heap after
{Heap after GC invocations=23 (full 0):
 garbage-first heap   total 308224K, used 82913K [0x00000000c0000000, 0x0000000100000000)
  region size 1024K, 6 young (6144K), 6 survivors (6144K)
 Metaspace       used 39816K, committed 40256K, reserved 1089536K
  class space    used 5104K, committed 5312K, reserved 1048576K
}
Event: 3.043 GC heap before
{Heap before GC invocations=23 (full 0):
 garbage-first heap   total 308224K, used 221153K [0x00000000c0000000, 0x0000000100000000)
  region size 1024K, 142 young (145408K), 6 survivors (6144K)
 Metaspace       used 39981K, committed 40448K, reserved 1089536K
  class space    used 5120K, committed 5312K, reserved 1048576K
}
Event: 3.051 GC heap after
{Heap after GC invocations=24 (full 0):
 garbage-first heap   total 585728K, used 88514K [0x00000000c0000000, 0x0000000100000000)
  region size 1024K, 11 young (11264K), 11 survivors (11264K)
 Metaspace       used 39981K, committed 40448K, reserved 1089536K
  class space    used 5120K, committed 5312K, reserved 1048576K
}
Event: 3.158 GC heap before
{Heap before GC invocations=24 (full 0):
 garbage-first heap   total 585728K, used 427458K [0x00000000c0000000, 0x0000000100000000)
  region size 1024K, 343 young (351232K), 11 survivors (11264K)
 Metaspace       used 40829K, committed 41280K, reserved 1089536K
  class space    used 5181K, committed 5376K, reserved 1048576K
}
Event: 3.167 GC heap after
{Heap after GC invocations=25 (full 0):
 garbage-first heap   total 585728K, used 102520K [0x00000000c0000000, 0x0000000100000000)
  region size 1024K, 25 young (25600K), 25 survivors (25600K)
 Metaspace       used 40829K, committed 41280K, reserved 1089536K
  class space    used 5181K, committed 5376K, reserved 1048576K
}
Event: 3.223 GC heap before
{Heap before GC invocations=25 (full 0):
 garbage-first heap   total 585728K, used 427128K [0x00000000c0000000, 0x0000000100000000)
  region size 1024K, 343 young (351232K), 25 survivors (25600K)
 Metaspace       used 41157K, committed 41600K, reserved 1089536K
  class space    used 5201K, committed 5440K, reserved 1048576K
}
Event: 3.234 GC heap after
{Heap after GC invocations=26 (full 0):
 garbage-first heap   total 585728K, used 115787K [0x00000000c0000000, 0x0000000100000000)
  region size 1024K, 33 young (33792K), 33 survivors (33792K)
 Metaspace       used 41157K, committed 41600K, reserved 1089536K
  class space    used 5201K, committed 5440K, reserved 1048576K
}
Event: 3.292 GC heap before
{Heap before GC invocations=26 (full 0):
 garbage-first heap   total 585728K, used 432203K [0x00000000c0000000, 0x0000000100000000)
  region size 1024K, 343 young (351232K), 33 survivors (33792K)
 Metaspace       used 41567K, committed 41984K, reserved 1089536K
  class space    used 5235K, committed 5440K, reserved 1048576K
}
Event: 3.305 GC heap after
{Heap after GC invocations=27 (full 0):
 garbage-first heap   total 585728K, used 132092K [0x00000000c0000000, 0x0000000100000000)
  region size 1024K, 30 young (30720K), 30 survivors (30720K)
 Metaspace       used 41567K, committed 41984K, reserved 1089536K
  class space    used 5235K, committed 5440K, reserved 1048576K
}
Event: 3.427 GC heap before
{Heap before GC invocations=27 (full 0):
 garbage-first heap   total 585728K, used 451580K [0x00000000c0000000, 0x0000000100000000)
  region size 1024K, 343 young (351232K), 30 survivors (30720K)
 Metaspace       used 43300K, committed 43712K, reserved 1089536K
  class space    used 5426K, committed 5632K, reserved 1048576K
}
Event: 3.438 GC heap after
{Heap after GC invocations=28 (full 0):
 garbage-first heap   total 585728K, used 150839K [0x00000000c0000000, 0x0000000100000000)
  region size 1024K, 35 young (35840K), 35 survivors (35840K)
 Metaspace       used 43300K, committed 43712K, reserved 1089536K
  class space    used 5426K, committed 5632K, reserved 1048576K
}
Event: 3.601 GC heap before
{Heap before GC invocations=28 (full 0):
 garbage-first heap   total 585728K, used 466231K [0x00000000c0000000, 0x0000000100000000)
  region size 1024K, 343 young (351232K), 35 survivors (35840K)
 Metaspace       used 45356K, committed 45824K, reserved 1089536K
  class space    used 5682K, committed 5888K, reserved 1048576K
}

